<?xml version="1.0" encoding="UTF-8"?>
<testng-results total="1" passed="1" failed="0" skipped="0">
  <reporter-output>
  </reporter-output>
  <suite started-at="2023-12-02T07:13:38Z" name="Surefire suite" finished-at="2023-12-02T07:13:38Z" duration-ms="83">
    <groups>
    </groups>
    <test started-at="2023-12-02T07:13:38Z" name="Surefire test" finished-at="2023-12-02T07:13:38Z" duration-ms="83">
      <class name="capstone.insurancetesting.AppTest">
        <test-method signature="testApp()[pri:0, instance:testApp(capstone.insurancetesting.AppTest)]" started-at="2023-12-02T12:43:38Z" name="testApp" finished-at="2023-12-02T12:43:38Z" duration-ms="7" status="PASS">
          <reporter-output>
          </reporter-output>
        </test-method> <!-- testApp -->
      </class> <!-- capstone.insurancetesting.AppTest -->
    </test> <!-- Surefire test -->
  </suite> <!-- Surefire suite -->
</testng-results>
